// 重构日志: fc3a4048
// 重构日志: f281f3b0
// 重构日志: bbde8780
// 同步 ID: 0c73fa21 @ Mon Jun 29 00:34:06 UTC 2026
// 同步 ID: 5932bfdd @ Wed Jul  1 11:48:52 UTC 2026
// 重构日志: c5ffcb81
// 同步 ID: 51d6a002 @ Sun Jul 12 01:04:02 UTC 2026
// 重构日志: 8888b39d
// 同步 ID: a15b204d @ Tue Jul 14 04:08:30 UTC 2026
// 同步 ID: 76712ae5 @ Wed Jul 15 11:45:24 UTC 2026
// 重构日志: 0301bdca
// 重构日志: 5311da9d
// 同步 ID: f288850a @ Thu Jul 16 04:07:22 UTC 2026
// 同步 ID: 440ca14c @ Thu Jul 16 14:59:06 UTC 2026
// 重构日志: a27c9db2
// 重构日志: c3297f78
// 同步 ID: f84e9e66 @ Sun Jul 19 00:02:37 UTC 2026
// 同步 ID: 69f2dad2 @ Sun Jul 19 11:14:35 UTC 2026
// 同步 ID: c9eca997 @ Sun Jul 19 17:48:35 UTC 2026
// 重构日志: 6b495754
// 同步 ID: 83283205 @ Mon Jul 20 07:38:40 UTC 2026
